a01.cdn.update.playstation.org.edgesuite.net
a192.d.akamai.net
al02.cdn.update.playstation.net
api-p014.ribob01.net
apicdn-p014.ribob01.net
artcdnsecure.ribob01.net
artcdnsecure.ribob01.netapi-p014.ribob01.net
asm.np.community.playstation.net
get.net.playstation.net
playstation.sony.akadns.net
post.net.playstation.net
sf.api.np.km.playstation.net
t-prof.np.community.playstation.net
themis.dl.playstation.net
tmdb.np.dl.playstation.net
us.np.stun.playstation.net
dru01.ps5.update.playstation.net
fru01.ps5.update.playstation.net
duk01.ps5.update.playstation.net
fuk01.ps5.update.playstation.net
dus01.ps5.update.playstation.net
fus01.ps5.update.playstation.net
feu01.ps5.update.playstation.net
dau01.ps5.update.playstation.net
fau01.ps5.update.playstation.net
djp01.ps5.update.playstation.net
fjp01.ps5.update.playstation.net
fsa01.ps5.update.playstation.net
dsa01.ps5.update.playstation.net
sgst.prod.dl.playstation.net
gs2.ww.prod.dl.playstation.net